0 info it worked if it ends with ok
1 verbose cli [ 'node', '/usr/local/bin/npm', 'install', 'wNumb' ]
2 info using npm@2.12.1
3 info using node@v0.12.7
4 verbose node symlink /usr/local/bin/node
5 verbose install initial load of /Users/krbalmryde/Dropbox/Class-projects/cs523/Demo/js/package.json
6 verbose installManyTop reading scoped package data from /Users/krbalmryde/Dropbox/Class-projects/cs523/Demo/js/node_modules/d3/package.json
7 verbose installManyTop reading scoped package data from /Users/krbalmryde/Dropbox/Class-projects/cs523/Demo/js/node_modules/d3-queue/package.json
8 verbose installManyTop reading scoped package data from /Users/krbalmryde/Dropbox/Class-projects/cs523/Demo/js/node_modules/heatmap.js/package.json
9 verbose installManyTop reading scoped package data from /Users/krbalmryde/Dropbox/Class-projects/cs523/Demo/js/node_modules/leaflet/package.json
10 verbose installManyTop reading scoped package data from /Users/krbalmryde/Dropbox/Class-projects/cs523/Demo/js/node_modules/nouislider/package.json
11 info package.json heatmap.js@2.0.2 No repository field.
12 info package.json heatmap.js@2.0.2 No license field.
13 info package.json leaflet@0.7.7 No license field.
14 verbose readDependencies loading dependencies from /Users/krbalmryde/Dropbox/Class-projects/cs523/Demo/js/package.json
15 silly cache add args [ 'wNumb', null ]
16 verbose cache add spec wNumb
17 silly cache add parsed spec { raw: 'wNumb',
17 silly cache add   scope: null,
17 silly cache add   name: 'wNumb',
17 silly cache add   rawSpec: '',
17 silly cache add   spec: '*',
17 silly cache add   type: 'range' }
18 silly addNamed wNumb@*
19 verbose addNamed "*" is a valid semver range for wNumb
20 silly addNameRange { name: 'wNumb', range: '*', hasData: false }
21 silly mapToRegistry name wNumb
22 silly mapToRegistry using default registry
23 silly mapToRegistry registry https://registry.npmjs.org/
24 silly mapToRegistry uri https://registry.npmjs.org/wNumb
25 verbose addNameRange registry:https://registry.npmjs.org/wNumb not in flight; fetching
26 verbose request uri https://registry.npmjs.org/wNumb
27 verbose request no auth needed
28 info attempt registry request try #1 at 00:14:11
29 verbose request id 75cc57ed7fe81eda
30 http request GET https://registry.npmjs.org/wNumb
31 http 404 https://registry.npmjs.org/wNumb
32 verbose headers { 'content-type': 'application/json',
32 verbose headers   'cache-control': 'max-age=0',
32 verbose headers   'content-length': '2',
32 verbose headers   'accept-ranges': 'bytes',
32 verbose headers   date: 'Tue, 15 Mar 2016 05:14:02 GMT',
32 verbose headers   via: '1.1 varnish',
32 verbose headers   age: '0',
32 verbose headers   connection: 'keep-alive',
32 verbose headers   'x-served-by': 'cache-dfw1829-DFW',
32 verbose headers   'x-cache': 'MISS',
32 verbose headers   'x-cache-hits': '0',
32 verbose headers   'x-timer': 'S1458018842.337870,VS0,VE55' }
33 silly get cb [ 404,
33 silly get   { 'content-type': 'application/json',
33 silly get     'cache-control': 'max-age=0',
33 silly get     'content-length': '2',
33 silly get     'accept-ranges': 'bytes',
33 silly get     date: 'Tue, 15 Mar 2016 05:14:02 GMT',
33 silly get     via: '1.1 varnish',
33 silly get     age: '0',
33 silly get     connection: 'keep-alive',
33 silly get     'x-served-by': 'cache-dfw1829-DFW',
33 silly get     'x-cache': 'MISS',
33 silly get     'x-cache-hits': '0',
33 silly get     'x-timer': 'S1458018842.337870,VS0,VE55' } ]
34 verbose stack Error: Registry returned 404 for GET on https://registry.npmjs.org/wNumb
34 verbose stack     at CachingRegistryClient.<anonymous> (/usr/local/lib/node_modules/npm/node_modules/npm-registry-client/lib/request.js:239:14)
34 verbose stack     at Request._callback (/usr/local/lib/node_modules/npm/node_modules/npm-registry-client/lib/request.js:170:14)
34 verbose stack     at Request.self.callback (/usr/local/lib/node_modules/npm/node_modules/request/request.js:197:22)
34 verbose stack     at Request.emit (events.js:110:17)
34 verbose stack     at Request.<anonymous> (/usr/local/lib/node_modules/npm/node_modules/request/request.js:1050:14)
34 verbose stack     at Request.emit (events.js:129:20)
34 verbose stack     at IncomingMessage.<anonymous> (/usr/local/lib/node_modules/npm/node_modules/request/request.js:996:12)
34 verbose stack     at IncomingMessage.emit (events.js:129:20)
34 verbose stack     at _stream_readable.js:908:16
34 verbose stack     at process._tickCallback (node.js:355:11)
35 verbose statusCode 404
36 verbose pkgid wNumb
37 verbose cwd /Users/krbalmryde/Dropbox/Class-projects/cs523/Demo/js
38 error Darwin 15.3.0
39 error argv "node" "/usr/local/bin/npm" "install" "wNumb"
40 error node v0.12.7
41 error npm  v2.12.1
42 error code E404
43 error 404 Registry returned 404 for GET on https://registry.npmjs.org/wNumb
43 error 404
43 error 404 'wNumb' is not in the npm registry.
43 error 404 Your package name is not valid, because
43 error 404
43 error 404  1. name can no longer contain capital letters
43 error 404
43 error 404 Note that you can also install from a
43 error 404 tarball, folder, http url, or git url.
44 verbose exit [ 1, true ]
